2018/07/03 15:55:00   
length of arg: 0
-- \\EMSCR01\ReceptyN\TEXT\棚卸CSV2018*.CSV --
   -- target filename:\\EMSCR01\ReceptyN\TEXT\棚卸CSV20180628.CSV
----------------------------------------
 Rackdata filename \\EMSCR01\ReceptyN\TEXT\棚卸CSV20180628.CSV
        rack            ...                               drugcode
0     棚上-01-            ...              アーガメイト２０％ゼリー２５ｇ　２０％２５ｇ25g
14     B-02-            ...                         アーチスト錠２．５ｍｇＰＴＰ
23  分包機-002-            ...                          アーチスト錠２．５ｍｇバラ
25     B-02-            ...                        アーチスト錠１．２５ｍｇＰＴＰ
28     B-02-            ...                          アーチスト錠１０ｍｇＰＴＰ

[5 rows x 4 columns]
-- \\EMSCR01\ReceptyN\TEXT\在庫一覧20180703*.CSV --
   -- target filename:\\EMSCR01\ReceptyN\TEXT\在庫一覧20180703.CSV
   drcode            ...                               drugcode
0  221645            ...              アーガメイト２０％ゼリー２５ｇ　２０％２５ｇ25g
1  217051            ...                         アーチスト錠２．５ｍｇＰＴＰ
2  217050            ...                        アーチスト錠１．２５ｍｇＰＴＰ
3  211241            ...                          アーチスト錠１０ｍｇＰＴＰ
4  400008            ...                   アイドロイチン１％点眼液　１％５ｍＬ1瓶

[5 rows x 8 columns]
-- \\EMSCR01\ReceptyN\TEXT\出庫20180703*.csv --
   -- target filename:\\EMSCR01\ReceptyN\TEXT\出庫201807031009.csv
     outdate            ...                               drugcode
0 2018-07-02            ...              アーガメイト２０％ゼリー２５ｇ　２０％２５ｇ25g
1 2018-07-07            ...              アーガメイト２０％ゼリー２５ｇ　２０％２５ｇ25g
2 2018-07-06            ...                         アーチスト錠２．５ｍｇＰＴＰ
3 2018-07-07            ...                          アーチスト錠１０ｍｇＰＴＰ
4 2018-07-02            ...                 アジスロマイシン錠５００ｍｇ「日医工」ＰＴＰ

[5 rows x 10 columns]
-- \\EMSCR01\ReceptyN\TEXT\出庫20180703*.csv --
   -- target filename:\\EMSCR01\ReceptyN\TEXT\出庫201807031009.csv
      newcode            ...                               drugcode
0  2216453168            ...              アーガメイト２０％ゼリー２５ｇ　２０％２５ｇ25g
1  2216453168            ...              アーガメイト２０％ゼリー２５ｇ　２０％２５ｇ25g
2   217051142            ...                         アーチスト錠２．５ｍｇＰＴＰ
3    21124135            ...                          アーチスト錠１０ｍｇＰＴＰ
4  2258014466            ...                 アジスロマイシン錠５００ｍｇ「日医工」ＰＴＰ

[5 rows x 7 columns]
東武練馬ｸﾘﾆｯｸ
-- \\EMSCR01\ReceptyN\TEXT\出庫20180703*.csv --
   -- target filename:\\EMSCR01\ReceptyN\TEXT\出庫201807031009.csv
-- \\EMSCR01\ReceptyN\TEXT\出庫20180703*.csv --
   -- target filename:\\EMSCR01\ReceptyN\TEXT\出庫201807031009.csv
-- \\EMSCR01\ReceptyN\TEXT\棚卸CSV2018*.CSV --
   -- target filename:\\EMSCR01\ReceptyN\TEXT\棚卸CSV20180628.CSV
----------------------------------------
 Rackdata filename \\EMSCR01\ReceptyN\TEXT\棚卸CSV20180628.CSV
-- \\EMSCR01\ReceptyN\TEXT\デッドストックＣＳＶ*.CSV --
   -- target filename:\\EMSCR01\ReceptyN\TEXT\デッドストックＣＳＶ20180601.CSV
deadsock filename: \\EMSCR01\ReceptyN\TEXT\デッドストックＣＳＶ20180601.CSV
            rack type           drugname_     ...      wholesale unit      expiry
1116       K-06-   内服  カンデサルタンＯＤ錠２ｍｇ「サワイ」     ...         アルフレッサ    Ｔ  2019/08/31
1107  Dead2-1-02   内服   ボルタレンＳＲカプセル３７．５ｍｇ     ...         アルフレッサ    Ｃ  2019/06/30
1099       B-01-   内服       アスベリン錠２０　２０ｍｇ     ...           スズケン    Ｔ  2021/06/30
1100       F-05-   内服           ニバジール錠４ｍｇ     ...         アルフレッサ    Ｔ  2021/05/31
1101       P-12-   内服        リスモダンＲ錠１５０ｍｇ     ...           スズケン    Ｔ  2020/11/30

[5 rows x 12 columns]
